<?xml version="1.0" encoding="UTF-8"?>
<!-- Generated by org.testng.reporters.JUnitReportReporter -->
<testsuite hostname="DESKTOP-E0RL8I2" failures="0" tests="1" name="testscripts.LoginTest" time="47.950" errors="0" timestamp="2023-10-03T14:23:35 IST" skipped="0">
  <testcase classname="testscripts.LoginTest" name="tc_1" time="47.950"/>
</testsuite> <!-- testscripts.LoginTest -->
